<?xml version="1.0" encoding="UTF-8"?>
<!-- Generated by org.testng.reporters.JUnitReportReporter -->
<testsuite hostname="santhosh-dv" failures="0" tests="1" name="normalFlowTest.managerFlow_Test" time="51.815" errors="0" timestamp="26 Feb 2025 05:38:13 GMT" skipped="0">
  <testcase classname="normalFlowTest.managerFlow_Test" name="Manager_addGoalto_emp" time="51.815"/>
</testsuite> <!-- normalFlowTest.managerFlow_Test -->
