<?xml version="1.0" encoding="UTF-8"?>
<!-- Generated by org.testng.reporters.JUnitReportReporter -->
<testsuite hostname="DESKTOP-92N64IC" failures="0" tests="1" name="normalFlowTest.employeeFlow_Test" time="29.476" errors="0" timestamp="21 Jan 2025 06:51:15 GMT" skipped="0">
  <testcase classname="normalFlowTest.employeeFlow_Test" name="Employee_Assesment" time="29.476"/>
</testsuite> <!-- normalFlowTest.employeeFlow_Test -->
