<?xml version="1.0" encoding="UTF-8"?>
<!-- Generated by org.testng.reporters.JUnitReportReporter -->
<testsuite hostname="DESKTOP-92N64IC" failures="0" tests="1" name="normalFlowTest.One_to_One_Employee_test" time="7.395" errors="0" timestamp="27 Aug 2024 12:08:18 GMT" skipped="0">
  <testcase classname="normalFlowTest.One_to_One_Employee_test" name="OnToOneMeeting_Employee" time="7.395"/>
</testsuite> <!-- normalFlowTest.One_to_One_Employee_test -->
