<?xml version="1.0" encoding="UTF-8"?>
<!-- Generated by org.testng.reporters.JUnitReportReporter -->
<testsuite hostname="DESKTOP-GT0LFB9" failures="0" tests="8" name="Test_Suit.DirectMGR_Smoke" time="377.603" errors="0" timestamp="14 Aug 2025 06:13:34 GMT" skipped="1">
  <testcase classname="Test_Suit.DirectMGR_Smoke" name="AddGoalPlan" time="58.050"/>
  <testcase classname="Test_Suit.DirectMGR_Smoke" name="AddPMSCycle" time="16.733"/>
  <testcase classname="Test_Suit.DirectMGR_Smoke" name="ManagerFlow" time="55.782"/>
  <testcase classname="Test_Suit.DirectMGR_Smoke" name="Initiate_PMSCycle" time="12.452"/>
  <testcase classname="Test_Suit.DirectMGR_Smoke" name="Skip_Approval" time="39.480"/>
  <testcase classname="Test_Suit.DirectMGR_Smoke" name="Remove_EmployeesFromGoalPlan" time="88.133">
    <skipped/>
  </testcase> <!-- Remove_EmployeesFromGoalPlan -->
  <testcase classname="Test_Suit.DirectMGR_Smoke" name="Remove_EmployeesFromGoalPlan" time="65.607"/>
  <testcase classname="Test_Suit.DirectMGR_Smoke" name="DeletionOf_PMSCycleAndGoalPlan" time="41.366"/>
</testsuite> <!-- Test_Suit.DirectMGR_Smoke -->
