<?xml version="1.0" encoding="UTF-8"?>
<!-- Generated by org.testng.reporters.JUnitReportReporter -->
<testsuite hostname="DESKTOP-92N64IC" failures="0" tests="1" name="normalFlowTest.One_to_One_Employee_test" time="8.443" errors="0" timestamp="20 Aug 2024 10:47:06 GMT" skipped="0">
  <testcase classname="normalFlowTest.One_to_One_Employee_test" name="selectGoalCycle" time="8.443"/>
</testsuite> <!-- normalFlowTest.One_to_One_Employee_test -->
