<?xml version="1.0" encoding="UTF-8"?>
<!-- Generated by org.testng.reporters.JUnitReportReporter -->
<testsuite hostname="DESKTOP-92N64IC" failures="0" tests="1" name="normalFlowTest.manager_Sumitt_Assesment_To_Skip_Test" time="12.122" errors="0" timestamp="05 Aug 2024 09:20:39 GMT" skipped="0">
  <testcase classname="normalFlowTest.manager_Sumitt_Assesment_To_Skip_Test" name="select_Emp" time="12.122"/>
</testsuite> <!-- normalFlowTest.manager_Sumitt_Assesment_To_Skip_Test -->
