<?xml version="1.0" encoding="UTF-8"?>
<!-- Generated by org.testng.reporters.JUnitReportReporter -->
<testsuite hostname="DESKTOP-92N64IC" failures="0" tests="21" name="Mytestpackage.Homepagetest" time="3.235" errors="0" timestamp="05 Jun 2024 07:34:32 GMT" skipped="0">
  <testcase classname="Mytestpackage.Homepagetest" name="empgreetings" time="0.141"/>
  <testcase classname="Mytestpackage.Homepagetest" name="EmpMYGoal" time="0.107"/>
  <testcase classname="Mytestpackage.Homepagetest" name="EmpPROGRESSSCORE" time="0.121"/>
  <testcase classname="Mytestpackage.Homepagetest" name="EmpstatusTest" time="0.175"/>
  <testcase classname="Mytestpackage.Homepagetest" name="EmpCumulativeReports" time="0.109"/>
  <testcase classname="Mytestpackage.Homepagetest" name="EmpTotal" time="0.065"/>
  <testcase classname="Mytestpackage.Homepagetest" name="EmpASSIGNEDBY" time="0.109"/>
  <testcase classname="Mytestpackage.Homepagetest" name="EmpClosed" time="0.091"/>
  <testcase classname="Mytestpackage.Homepagetest" name="EmpPostponed" time="0.196"/>
  <testcase classname="Mytestpackage.Homepagetest" name="Emp360feedback" time="0.125"/>
  <testcase classname="Mytestpackage.Homepagetest" name="EmpNotStarted" time="0.103"/>
  <testcase classname="Mytestpackage.Homepagetest" name="EmpADDNEWKRA" time="0.098"/>
  <testcase classname="Mytestpackage.Homepagetest" name="EmpOnTrack" time="0.218"/>
  <testcase classname="Mytestpackage.Homepagetest" name="EmpActions" time="0.092"/>
  <testcase classname="Mytestpackage.Homepagetest" name="EmpNotApproved" time="0.111"/>
  <testcase classname="Mytestpackage.Homepagetest" name="SubmitSelfAssessment" time="0.104"/>
  <testcase classname="Mytestpackage.Homepagetest" name="EmpPolicyDocs" time="0.450"/>
  <testcase classname="Mytestpackage.Homepagetest" name="EmpAtRisk" time="0.093"/>
  <testcase classname="Mytestpackage.Homepagetest" name="EmpLogOut" time="0.299"/>
  <testcase classname="Mytestpackage.Homepagetest" name="EmpBehind" time="0.095"/>
  <testcase classname="Mytestpackage.Homepagetest" name="EmpProfileSettings" time="0.333"/>
</testsuite> <!-- Mytestpackage.Homepagetest -->
