<?xml version="1.0" encoding="UTF-8"?>
<!-- Generated by org.testng.reporters.JUnitReportReporter -->
<testsuite hostname="DESKTOP-GT0LFB9" failures="0" tests="1" name="normalFlow_TestClasses.GoogleSSO" time="14.085" errors="0" timestamp="21 Aug 2025 09:44:13 GMT" skipped="0">
  <testcase classname="normalFlow_TestClasses.GoogleSSO" name="SSOBase" time="14.085"/>
</testsuite> <!-- normalFlow_TestClasses.GoogleSSO -->
