<?xml version="1.0" encoding="UTF-8"?>
<!-- Generated by org.testng.reporters.JUnitReportReporter -->
<testsuite hostname="DESKTOP-92N64IC" failures="0" tests="1" name="normalFlowTest.managerFlow_Test" time="31.568" errors="0" timestamp="20 Aug 2024 10:47:06 GMT" skipped="0">
  <testcase classname="normalFlowTest.managerFlow_Test" name="empSelf" time="31.568"/>
</testsuite> <!-- normalFlowTest.managerFlow_Test -->
