<?xml version="1.0" encoding="UTF-8"?>
<!-- Generated by org.testng.reporters.JUnitReportReporter -->
<testsuite hostname="DESKTOP-92N64IC" failures="0" tests="1" name="_360DFeedback.Resons_totheForm_Test" time="24.540" errors="0" timestamp="11 Jul 2024 12:05:46 GMT" skipped="0">
  <testcase classname="_360DFeedback.Resons_totheForm_Test" name="send360form" time="24.540"/>
</testsuite> <!-- _360DFeedback.Resons_totheForm_Test -->
