<?xml version="1.0" encoding="UTF-8"?>
<!-- Generated by org.testng.reporters.JUnitReportReporter -->
<testsuite hostname="santhosh-dv" failures="0" tests="1" name="normalFlowTest.Delete_the_PMS_Cycle_test" time="28.403" errors="0" timestamp="27 Feb 2025 08:59:10 GMT" skipped="0">
  <testcase classname="normalFlowTest.Delete_the_PMS_Cycle_test" name="DeletionOfEmp_FromCycle" time="28.403"/>
</testsuite> <!-- normalFlowTest.Delete_the_PMS_Cycle_test -->
