<?xml version="1.0" encoding="UTF-8"?>
<!-- Generated by org.testng.reporters.JUnitReportReporter -->
<testsuite hostname="DESKTOP-92N64IC" failures="0" tests="1" name="normalFlowTest.Skipp_Approval_test" time="14.743" errors="0" timestamp="05 Aug 2024 09:20:39 GMT" skipped="0">
  <testcase classname="normalFlowTest.Skipp_Approval_test" name="approve" time="14.743"/>
</testsuite> <!-- normalFlowTest.Skipp_Approval_test -->
