<?xml version="1.0" encoding="UTF-8"?>
<!-- Generated by org.testng.reporters.JUnitReportReporter -->
<testsuite hostname="DESKTOP-GT0LFB9" failures="0" tests="1" name="normalFlow_TestClasses.Finalize_Employee_Appraisal_Test" time="30.662" errors="0" timestamp="08 Aug 2025 12:22:41 GMT" skipped="0">
  <testcase classname="normalFlow_TestClasses.Finalize_Employee_Appraisal_Test" name="Finalize_Emp_Appraisal" time="30.662"/>
</testsuite> <!-- normalFlow_TestClasses.Finalize_Employee_Appraisal_Test -->
