<?xml version="1.0" encoding="UTF-8"?>
<!-- Generated by org.testng.reporters.JUnitReportReporter -->
<testsuite hostname="DESKTOP-92N64IC" failures="0" tests="2" name="normalFlowTest.Delete_Goal_Plan_and_PMS_Cycle__Test" time="21.445" errors="0" timestamp="20 Aug 2024 10:47:06 GMT" skipped="0">
  <testcase classname="normalFlowTest.Delete_Goal_Plan_and_PMS_Cycle__Test" name="DeletionodGoalPlan" time="11.881"/>
  <testcase classname="normalFlowTest.Delete_Goal_Plan_and_PMS_Cycle__Test" name="DeletionofPMS" time="9.564"/>
</testsuite> <!-- normalFlowTest.Delete_Goal_Plan_and_PMS_Cycle__Test -->
