<?xml version="1.0" encoding="UTF-8"?>
<!-- Generated by org.testng.reporters.JUnitReportReporter -->
<testsuite hostname="DESKTOP-92N64IC" failures="0" tests="12" name="Test_Suit.SmokeTestSuite" time="275.188" errors="0" timestamp="16 Sep 2024 05:47:53 GMT" skipped="0">
  <testcase classname="Test_Suit.SmokeTestSuite" name="AddGoalPlan" time="36.993"/>
  <testcase classname="Test_Suit.SmokeTestSuite" name="AddPMSCycle" time="16.268"/>
  <testcase classname="Test_Suit.SmokeTestSuite" name="Initiate_PMSCycle" time="17.709"/>
  <testcase classname="Test_Suit.SmokeTestSuite" name="Manager_AddGoalTo_Emp" time="29.119"/>
  <testcase classname="Test_Suit.SmokeTestSuite" name="Employee_AssessmentSubmission" time="22.442"/>
  <testcase classname="Test_Suit.SmokeTestSuite" name="Manager_AssessmentSubmissionTo_Skip" time="19.326"/>
  <testcase classname="Test_Suit.SmokeTestSuite" name="Skip_Approval" time="14.729"/>
  <testcase classname="Test_Suit.SmokeTestSuite" name="OneToOneMeeting_Manager" time="17.591"/>
  <testcase classname="Test_Suit.SmokeTestSuite" name="OnToOneMeeting_Employee" time="12.575"/>
  <testcase classname="Test_Suit.SmokeTestSuite" name="Finalize_Emp_Appraisal" time="26.299"/>
  <testcase classname="Test_Suit.SmokeTestSuite" name="Remove_EmployeesFromGoalPlan" time="36.772"/>
  <testcase classname="Test_Suit.SmokeTestSuite" name="DeletionOf_PMSCycleAndGoalPlan" time="25.365"/>
</testsuite> <!-- Test_Suit.SmokeTestSuite -->
