<?xml version="1.0" encoding="UTF-8"?>
<!-- Generated by org.testng.reporters.JUnitReportReporter -->
<testsuite hostname="DESKTOP-92N64IC" failures="0" tests="1" name="normalFlowTest.manager_Sumitt_Assesment_To_Skip_Test" time="11.870" errors="0" timestamp="30 Jul 2024 09:12:55 GMT" skipped="0">
  <testcase classname="normalFlowTest.manager_Sumitt_Assesment_To_Skip_Test" name="select_Emp" time="11.870"/>
</testsuite> <!-- normalFlowTest.manager_Sumitt_Assesment_To_Skip_Test -->
