<?xml version="1.0" encoding="UTF-8"?>
<!-- Generated by org.testng.reporters.JUnitReportReporter -->
<testsuite hostname="DESKTOP-GT0LFB9" failures="0" tests="1" name="normalFlowTest.Delete_the_PMS_Cycle_test" time="15.027" errors="0" timestamp="10 Apr 2025 05:32:21 GMT" skipped="0">
  <testcase classname="normalFlowTest.Delete_the_PMS_Cycle_test" name="DeletionOfEmp_FromCycle" time="15.027"/>
</testsuite> <!-- normalFlowTest.Delete_the_PMS_Cycle_test -->
