<?xml version="1.0" encoding="UTF-8"?>
<!-- Generated by org.testng.reporters.JUnitReportReporter -->
<testsuite hostname="DESKTOP-92N64IC" failures="0" tests="1" name="_360DFeedback.HRAdminpage_Test" time="4140.364" errors="0" timestamp="16 Jul 2024 06:03:43 GMT" skipped="0">
  <testcase classname="_360DFeedback.HRAdminpage_Test" name="send360form" time="4140.364"/>
</testsuite> <!-- _360DFeedback.HRAdminpage_Test -->
