<?xml version="1.0" encoding="UTF-8"?>
<!-- Generated by org.testng.reporters.JUnitReportReporter -->
<testsuite hostname="DESKTOP-92N64IC" failures="0" tests="1" name="normalFlowTest.addGoalPla_CreatePMSCycleTest" time="55.327" errors="0" timestamp="02 Jul 2024 12:50:45 GMT" skipped="0">
  <testcase classname="normalFlowTest.addGoalPla_CreatePMSCycleTest" name="selectGoalCycle" time="55.327"/>
</testsuite> <!-- normalFlowTest.addGoalPla_CreatePMSCycleTest -->
