<?xml version="1.0" encoding="UTF-8"?>
<!-- Generated by org.testng.reporters.JUnitReportReporter -->
<testsuite hostname="DESKTOP-GT0LFB9" failures="0" tests="1" name="normalFlow_TestClasses.One_to_One_manager_test" time="13.612" errors="0" timestamp="06 Aug 2025 13:07:43 GMT" skipped="0">
  <testcase classname="normalFlow_TestClasses.One_to_One_manager_test" name="OneToOneMeeting_Manager" time="13.612"/>
</testsuite> <!-- normalFlow_TestClasses.One_to_One_manager_test -->
