<?xml version="1.0" encoding="UTF-8"?>
<!-- Generated by org.testng.reporters.JUnitReportReporter -->
<testsuite hostname="DESKTOP-92N64IC" failures="0" tests="3" name="normalFlowTest.addGoalPla_CreatePMSCycleTest" time="75.539" errors="0" timestamp="20 Aug 2024 07:28:32 GMT" skipped="0">
  <testcase classname="normalFlowTest.addGoalPla_CreatePMSCycleTest" name="testAddGoalPlan" time="35.269"/>
  <testcase classname="normalFlowTest.addGoalPla_CreatePMSCycleTest" name="testAddPMSCycle" time="17.473"/>
  <testcase classname="normalFlowTest.addGoalPla_CreatePMSCycleTest" name="testinitiatePMSCycle" time="22.797"/>
</testsuite> <!-- normalFlowTest.addGoalPla_CreatePMSCycleTest -->
