<?xml version="1.0" encoding="UTF-8"?>
<!-- Generated by org.testng.reporters.JUnitReportReporter -->
<testsuite hostname="DESKTOP-92N64IC" failures="0" tests="1" name="_360DFeedback.Send360formtoEmployess_Test" time="0.000" errors="0" timestamp="22 Jul 2024 11:25:55 GMT" skipped="1">
  <testcase classname="_360DFeedback.Send360formtoEmployess_Test" name="send360form" time="0.000">
    <skipped/>
  </testcase> <!-- send360form -->
</testsuite> <!-- _360DFeedback.Send360formtoEmployess_Test -->
