<?xml version="1.0" encoding="UTF-8"?>
<!-- Generated by org.testng.reporters.JUnitReportReporter -->
<testsuite hostname="DESKTOP-92N64IC" failures="0" tests="12" name="Test_Suit.SmokeTestSuite" time="277.060" errors="0" timestamp="12 Sep 2024 06:37:47 GMT" skipped="0">
  <testcase classname="Test_Suit.SmokeTestSuite" name="AddGoalPlan" time="37.586"/>
  <testcase classname="Test_Suit.SmokeTestSuite" name="AddPMSCycle" time="16.073"/>
  <testcase classname="Test_Suit.SmokeTestSuite" name="Initiate_PMSCycle" time="17.510"/>
  <testcase classname="Test_Suit.SmokeTestSuite" name="Manager_AddGoalTo_Emp" time="27.635"/>
  <testcase classname="Test_Suit.SmokeTestSuite" name="Employee_AssessmentSubmission" time="23.748"/>
  <testcase classname="Test_Suit.SmokeTestSuite" name="Manager_AssessmentSubmissionTo_Skip" time="18.879"/>
  <testcase classname="Test_Suit.SmokeTestSuite" name="Skip_Approval" time="14.195"/>
  <testcase classname="Test_Suit.SmokeTestSuite" name="OneToOneMeeting_Manager" time="17.349"/>
  <testcase classname="Test_Suit.SmokeTestSuite" name="OnToOneMeeting_Employee" time="12.415"/>
  <testcase classname="Test_Suit.SmokeTestSuite" name="Finalize_Emp_Appraisal" time="26.730"/>
  <testcase classname="Test_Suit.SmokeTestSuite" name="Remove_EmployeesFromGoalPlan" time="38.981"/>
  <testcase classname="Test_Suit.SmokeTestSuite" name="DeletionOf_PMSCycleAndGoalPlan" time="25.959"/>
</testsuite> <!-- Test_Suit.SmokeTestSuite -->
