<?xml version="1.0" encoding="UTF-8"?>
<!-- Generated by org.testng.reporters.JUnitReportReporter -->
<testsuite hostname="DESKTOP-92N64IC" failures="0" tests="3" name="Mytestpackage.Homepagetest" time="0.321" errors="0" timestamp="04 Jun 2024 12:17:46 GMT" skipped="0">
  <testcase classname="Mytestpackage.Homepagetest" name="EmpstatusTest" time="0.130"/>
  <testcase classname="Mytestpackage.Homepagetest" name="contactFooterTest" time="0.111"/>
  <testcase classname="Mytestpackage.Homepagetest" name="headerTest" time="0.080"/>
</testsuite> <!-- Mytestpackage.Homepagetest -->
