<?xml version="1.0" encoding="UTF-8"?>
<!-- Generated by org.testng.reporters.JUnitReportReporter -->
<testsuite hostname="DESKTOP-92N64IC" failures="0" tests="1" name="normalFlowTest.Skipp_Approval_test" time="17.190" errors="0" timestamp="30 Jul 2024 09:12:55 GMT" skipped="0">
  <testcase classname="normalFlowTest.Skipp_Approval_test" name="approve" time="17.190"/>
</testsuite> <!-- normalFlowTest.Skipp_Approval_test -->
