<?xml version="1.0" encoding="UTF-8"?>
<!-- Generated by org.testng.reporters.JUnitReportReporter -->
<testsuite hostname="DESKTOP-92N64IC" failures="0" tests="3" name="normalFlowTest.addGoalPla_CreatePMSCycleTest" time="69.752" errors="0" timestamp="27 Aug 2024 12:08:18 GMT" skipped="0">
  <testcase classname="normalFlowTest.addGoalPla_CreatePMSCycleTest" name="AddGoalPlan" time="35.597"/>
  <testcase classname="normalFlowTest.addGoalPla_CreatePMSCycleTest" name="AddPMSCycle" time="16.601"/>
  <testcase classname="normalFlowTest.addGoalPla_CreatePMSCycleTest" name="Initiate_PMSCycle" time="17.554"/>
</testsuite> <!-- normalFlowTest.addGoalPla_CreatePMSCycleTest -->
