<?xml version="1.0" encoding="UTF-8"?>
<!-- Generated by org.testng.reporters.JUnitReportReporter -->
<testsuite hostname="DESKTOP-GT0LFB9" failures="0" tests="1" name="normalFlow_TestClasses.Delete_the_PMS_Cycle_test" time="99.109" errors="0" timestamp="14 Aug 2025 05:24:56 GMT" skipped="0">
  <testcase classname="normalFlow_TestClasses.Delete_the_PMS_Cycle_test" name="DeletionOfEmp_FromCycle" time="99.109"/>
</testsuite> <!-- normalFlow_TestClasses.Delete_the_PMS_Cycle_test -->
