<?xml version="1.0" encoding="UTF-8"?>
<!-- Generated by org.testng.reporters.JUnitReportReporter -->
<testsuite hostname="DESKTOP-92N64IC" failures="0" tests="1" name="normalFlowTest.manager_Sumitt_Assesment_To_Skip_Test" time="16.640" errors="0" timestamp="27 Aug 2024 12:08:18 GMT" skipped="0">
  <testcase classname="normalFlowTest.manager_Sumitt_Assesment_To_Skip_Test" name="Manager_Assesmentsubmitto_Skip" time="16.640"/>
</testsuite> <!-- normalFlowTest.manager_Sumitt_Assesment_To_Skip_Test -->
