<?xml version="1.0" encoding="UTF-8"?>
<!-- Generated by org.testng.reporters.JUnitReportReporter -->
<testsuite hostname="DESKTOP-92N64IC" failures="0" tests="1" name="normalFlowTest.Delete_the_PMS_Cycle_test" time="32.914" errors="0" timestamp="05 Aug 2024 09:20:39 GMT" skipped="0">
  <testcase classname="normalFlowTest.Delete_the_PMS_Cycle_test" name="Deletion" time="32.914"/>
</testsuite> <!-- normalFlowTest.Delete_the_PMS_Cycle_test -->
