<?xml version="1.0" encoding="UTF-8"?>
<!-- Generated by org.testng.reporters.JUnitReportReporter -->
<testsuite hostname="DESKTOP-GT0LFB9" failures="0" tests="1" name="normalFlow_TestClasses.Skipp_Approval_test" time="23.425" errors="0" timestamp="13 Aug 2025 12:11:36 GMT" skipped="0">
  <testcase classname="normalFlow_TestClasses.Skipp_Approval_test" name="Skip_approval" time="23.425"/>
</testsuite> <!-- normalFlow_TestClasses.Skipp_Approval_test -->
