<?xml version="1.0" encoding="UTF-8"?>
<!-- Generated by org.testng.reporters.JUnitReportReporter -->
<testsuite hostname="DESKTOP-92N64IC" failures="0" tests="16" name="ManagerTestPage.managertestHomePage" time="1.721" errors="0" timestamp="17 Jun 2024 12:21:11 GMT" skipped="0">
  <testcase classname="ManagerTestPage.managertestHomePage" name="MgrBellcurve" time="0.148"/>
  <testcase classname="ManagerTestPage.managertestHomePage" name="MgrREJECTED" time="0.077"/>
  <testcase classname="ManagerTestPage.managertestHomePage" name="MgrTeamIDPs" time="0.076"/>
  <testcase classname="ManagerTestPage.managertestHomePage" name="YETTOSUBMIT" time="0.076"/>
  <testcase classname="ManagerTestPage.managertestHomePage" name="MgrEmployeeSelfReview" time="0.092"/>
  <testcase classname="ManagerTestPage.managertestHomePage" name="MgrMyTeamsPMSworkflowcompletedstatus" time="0.077"/>
  <testcase classname="ManagerTestPage.managertestHomePage" name="MgrSKIPLEVELREVIEW" time="0.078"/>
  <testcase classname="ManagerTestPage.managertestHomePage" name="MgrAPPROVED" time="0.210"/>
  <testcase classname="ManagerTestPage.managertestHomePage" name="MgrGapAnalysis" time="0.110"/>
  <testcase classname="ManagerTestPage.managertestHomePage" name="MgrSUBMITTEDUNDERAUTHORIZATION" time="0.108"/>
  <testcase classname="ManagerTestPage.managertestHomePage" name="MgrTotalReviewCycleInitiated" time="0.091"/>
  <testcase classname="ManagerTestPage.managertestHomePage" name="MgrOverallPMSReport" time="0.092"/>
  <testcase classname="ManagerTestPage.managertestHomePage" name="MgrManagerReview" time="0.140"/>
  <testcase classname="ManagerTestPage.managertestHomePage" name="MgrGoalPlan" time="0.108"/>
  <testcase classname="ManagerTestPage.managertestHomePage" name="MgrCumulativeReports" time="0.160"/>
  <testcase classname="ManagerTestPage.managertestHomePage" name="MgrGoalsApproved" time="0.078"/>
</testsuite> <!-- ManagerTestPage.managertestHomePage -->
