<?xml version="1.0" encoding="UTF-8"?>
<!-- Generated by org.testng.reporters.JUnitReportReporter -->
<testsuite hostname="DESKTOP-92N64IC" failures="0" tests="3" name="normalFlowTest.EmpNormalFlowTest" time="88.295" errors="0" timestamp="25 Jun 2024 06:24:17 GMT" skipped="0">
  <testcase classname="normalFlowTest.EmpNormalFlowTest" name="AddGoalPaln" time="41.142"/>
  <testcase classname="normalFlowTest.EmpNormalFlowTest" name="AddPMSCycle" time="17.917"/>
  <testcase classname="normalFlowTest.EmpNormalFlowTest" name="InitiatePMSCycle" time="29.236"/>
</testsuite> <!-- normalFlowTest.EmpNormalFlowTest -->
