<?xml version="1.0" encoding="UTF-8"?>
<!-- Generated by org.testng.reporters.JUnitReportReporter -->
<testsuite hostname="DESKTOP-92N64IC" failures="0" tests="1" name="normalFlowTest.managerFlow_Test" time="32.773" errors="0" timestamp="14 Aug 2024 09:48:06 GMT" skipped="0">
  <testcase classname="normalFlowTest.managerFlow_Test" name="empSelf" time="32.773"/>
</testsuite> <!-- normalFlowTest.managerFlow_Test -->
