<?xml version="1.0" encoding="UTF-8"?>
<!-- Generated by org.testng.reporters.JUnitReportReporter -->
<testsuite hostname="DESKTOP-92N64IC" failures="0" tests="1" name="_360DFeedback.Respons_totheForm_Test" time="56.403" errors="0" timestamp="11 Jul 2024 09:25:45 GMT" skipped="0">
  <testcase classname="_360DFeedback.Respons_totheForm_Test" name="send360form" time="56.403"/>
</testsuite> <!-- _360DFeedback.Respons_totheForm_Test -->
