<?xml version="1.0" encoding="UTF-8"?>
<!-- Generated by org.testng.reporters.JUnitReportReporter -->
<testsuite hostname="DESKTOP-92N64IC" failures="0" tests="3" name="normalFlowTest.addGoalPla_CreatePMSCycleTest" time="74.697" errors="0" timestamp="20 Aug 2024 10:47:06 GMT" skipped="0">
  <testcase classname="normalFlowTest.addGoalPla_CreatePMSCycleTest" name="testAddGoalPlan" time="35.086"/>
  <testcase classname="normalFlowTest.addGoalPla_CreatePMSCycleTest" name="testAddPMSCycle" time="16.425"/>
  <testcase classname="normalFlowTest.addGoalPla_CreatePMSCycleTest" name="testinitiatePMSCycle" time="23.186"/>
</testsuite> <!-- normalFlowTest.addGoalPla_CreatePMSCycleTest -->
