<?xml version="1.0" encoding="UTF-8"?>
<!-- Generated by org.testng.reporters.JUnitReportReporter -->
<testsuite hostname="DESKTOP-92N64IC" failures="0" tests="1" name="normalFlowTest.Finalize_Employee_Appraisal_Test" time="18.529" errors="0" timestamp="20 Aug 2024 10:47:06 GMT" skipped="0">
  <testcase classname="normalFlowTest.Finalize_Employee_Appraisal_Test" name="OntoOneMeeting" time="18.529"/>
</testsuite> <!-- normalFlowTest.Finalize_Employee_Appraisal_Test -->
