<?xml version="1.0" encoding="UTF-8"?>
<!-- Generated by org.testng.reporters.JUnitReportReporter -->
<testsuite hostname="DESKTOP-92N64IC" failures="0" tests="1" name="normalFlowTest.EmpNormalFlowTest" time="30.185" errors="0" timestamp="19 Jun 2024 12:43:31 GMT" skipped="0">
  <testcase classname="normalFlowTest.EmpNormalFlowTest" name="AddGoalPaln" time="30.185"/>
</testsuite> <!-- normalFlowTest.EmpNormalFlowTest -->
