<?xml version="1.0" encoding="UTF-8"?>
<!-- Generated by org.testng.reporters.JUnitReportReporter -->
<testsuite hostname="DESKTOP-92N64IC" failures="0" tests="1" name="_360DFeedback.Respons_totheForm_Test" time="470.791" errors="0" timestamp="16 Jul 2024 07:39:05 GMT" skipped="0">
  <testcase classname="_360DFeedback.Respons_totheForm_Test" name="test" time="470.791"/>
</testsuite> <!-- _360DFeedback.Respons_totheForm_Test -->
