<?xml version="1.0" encoding="UTF-8"?>
<!-- Generated by org.testng.reporters.JUnitReportReporter -->
<testsuite hostname="DESKTOP-92N64IC" failures="0" tests="1" name="normalFlowTest.manager_Sumitt_Assesment_To_Skip_Test" time="12.408" errors="0" timestamp="29 Jul 2024 10:53:34 GMT" skipped="0">
  <testcase classname="normalFlowTest.manager_Sumitt_Assesment_To_Skip_Test" name="select_Emp" time="12.408"/>
</testsuite> <!-- normalFlowTest.manager_Sumitt_Assesment_To_Skip_Test -->
