<?xml version="1.0" encoding="UTF-8"?>
<!-- Generated by org.testng.reporters.JUnitReportReporter -->
<testsuite hostname="DESKTOP-92N64IC" failures="0" tests="1" name="normalFlowTest.managerFlow_Test" time="28.908" errors="0" timestamp="21 Jan 2025 05:46:16 GMT" skipped="0">
  <testcase classname="normalFlowTest.managerFlow_Test" name="Manager_addGoalto_emp" time="28.908"/>
</testsuite> <!-- normalFlowTest.managerFlow_Test -->
