<?xml version="1.0" encoding="UTF-8"?>
<!-- Generated by org.testng.reporters.JUnitReportReporter -->
<testsuite hostname="DESKTOP-GT0LFB9" failures="0" tests="1" name="DirectmanagerFlowTest.Delete_the_PMS_Cycle_test" time="50.697" errors="0" timestamp="14 Aug 2025 05:36:51 GMT" skipped="0">
  <testcase classname="DirectmanagerFlowTest.Delete_the_PMS_Cycle_test" name="DeletionOfEmp_FromCycle" time="50.697"/>
</testsuite> <!-- DirectmanagerFlowTest.Delete_the_PMS_Cycle_test -->
