<?xml version="1.0" encoding="UTF-8"?>
<!-- Generated by org.testng.reporters.JUnitReportReporter -->
<testsuite hostname="DESKTOP-92N64IC" failures="0" tests="12" name="normalFlowTest.TestSuitClass" time="291.104" errors="0" timestamp="29 Aug 2024 06:03:41 GMT" skipped="0">
  <testcase classname="normalFlowTest.TestSuitClass" name="AddGoalPlan" time="36.955"/>
  <testcase classname="normalFlowTest.TestSuitClass" name="AddPMSCycle" time="17.206"/>
  <testcase classname="normalFlowTest.TestSuitClass" name="Initiate_PMSCycle" time="18.385"/>
  <testcase classname="normalFlowTest.TestSuitClass" name="Manager_addGoalto_emp" time="30.316"/>
  <testcase classname="normalFlowTest.TestSuitClass" name="Employee_Assesment" time="22.432"/>
  <testcase classname="normalFlowTest.TestSuitClass" name="Manager_Assesmentsubmitto_Skip" time="26.638"/>
  <testcase classname="normalFlowTest.TestSuitClass" name="Skip_approval" time="17.760"/>
  <testcase classname="normalFlowTest.TestSuitClass" name="OneToOneMeeting_Manager" time="19.550"/>
  <testcase classname="normalFlowTest.TestSuitClass" name="OnToOneMeeting_Employee" time="12.896"/>
  <testcase classname="normalFlowTest.TestSuitClass" name="Finalize_Emp_Appraisal" time="26.513"/>
  <testcase classname="normalFlowTest.TestSuitClass" name="DeletionodGoalPlan" time="35.673"/>
  <testcase classname="normalFlowTest.TestSuitClass" name="DeletionofPMS" time="26.780"/>
</testsuite> <!-- normalFlowTest.TestSuitClass -->
