<?xml version="1.0" encoding="UTF-8"?>
<!-- Generated by org.testng.reporters.JUnitReportReporter -->
<testsuite hostname="DESKTOP-GT0LFB9" failures="0" tests="1" name="normalFlow_TestClasses.manager_Sumitt_Assesment_To_Skip_Test" time="32.310" errors="0" timestamp="08 Aug 2025 11:21:54 GMT" skipped="0">
  <testcase classname="normalFlow_TestClasses.manager_Sumitt_Assesment_To_Skip_Test" name="Manager_Assesmentsubmitto_Skip" time="32.310"/>
</testsuite> <!-- normalFlow_TestClasses.manager_Sumitt_Assesment_To_Skip_Test -->
