<?xml version="1.0" encoding="UTF-8"?>
<!-- Generated by org.testng.reporters.JUnitReportReporter -->
<testsuite hostname="DESKTOP-92N64IC" failures="0" tests="7" name="Mytestpackage.DropdownTest" time="116.461" errors="0" timestamp="18 Jun 2024 12:03:28 GMT" skipped="0">
  <testcase classname="Mytestpackage.DropdownTest" name="Organization" time="18.519"/>
  <testcase classname="Mytestpackage.DropdownTest" name="Personalgoal" time="6.252"/>
  <testcase classname="Mytestpackage.DropdownTest" name="isEmpDepartment" time="9.221"/>
  <testcase classname="Mytestpackage.DropdownTest" name="Manualupdate" time="30.521"/>
  <testcase classname="Mytestpackage.DropdownTest" name="Manualandaverage" time="15.309"/>
  <testcase classname="Mytestpackage.DropdownTest" name="Manualandweightedaveragefromkeyresults" time="18.321"/>
  <testcase classname="Mytestpackage.DropdownTest" name="Manualandsummationfromkeyresults" time="18.318"/>
</testsuite> <!-- Mytestpackage.DropdownTest -->
