<?xml version="1.0" encoding="UTF-8"?>
<!-- Generated by org.testng.reporters.JUnitReportReporter -->
<testsuite hostname="DESKTOP-92N64IC" failures="0" tests="1" name="normalFlowTest.employeeFlow_Test" time="10.513" errors="0" timestamp="29 Jul 2024 10:53:34 GMT" skipped="0">
  <testcase classname="normalFlowTest.employeeFlow_Test" name="selectGoalCycle" time="10.513"/>
</testsuite> <!-- normalFlowTest.employeeFlow_Test -->
