<?xml version="1.0" encoding="UTF-8"?>
<!-- Generated by org.testng.reporters.JUnitReportReporter -->
<testsuite hostname="santhosh-dv" failures="0" tests="1" name="normalFlowTest.One_to_One_manager_test" time="13.705" errors="0" timestamp="27 Feb 2025 05:50:09 GMT" skipped="0">
  <testcase classname="normalFlowTest.One_to_One_manager_test" name="OneToOneMeeting_Manager" time="13.705"/>
</testsuite> <!-- normalFlowTest.One_to_One_manager_test -->
