<?xml version="1.0" encoding="UTF-8"?>
<!-- Generated by org.testng.reporters.JUnitReportReporter -->
<testsuite hostname="DESKTOP-92N64IC" failures="0" tests="1" name="_360DFeedback.Respons_totheForm_Test" time="16.101" errors="0" timestamp="19 Jul 2024 09:32:05 GMT" skipped="0">
  <testcase classname="_360DFeedback.Respons_totheForm_Test" name="Responsto_360form" time="16.101"/>
</testsuite> <!-- _360DFeedback.Respons_totheForm_Test -->
