<?xml version="1.0" encoding="UTF-8"?>
<!-- Generated by org.testng.reporters.JUnitReportReporter -->
<testsuite hostname="DESKTOP-GT0LFB9" failures="0" tests="1" name="normalFlow_TestClasses.Finalize_Employee_Appraisal_Test" time="20.349" errors="0" timestamp="06 Aug 2025 13:09:29 GMT" skipped="0">
  <testcase classname="normalFlow_TestClasses.Finalize_Employee_Appraisal_Test" name="Finalize_Emp_Appraisal" time="20.349"/>
</testsuite> <!-- normalFlow_TestClasses.Finalize_Employee_Appraisal_Test -->
