<?xml version="1.0" encoding="UTF-8"?>
<!-- Generated by org.testng.reporters.JUnitReportReporter -->
<testsuite hostname="DESKTOP-92N64IC" failures="0" tests="1" name="normalFlowTest.Delete_the_PMS_Cycle_test" time="29.022" errors="0" timestamp="27 Aug 2024 12:08:18 GMT" skipped="0">
  <testcase classname="normalFlowTest.Delete_the_PMS_Cycle_test" name="DeletionOfEmp_FromCycle" time="29.022"/>
</testsuite> <!-- normalFlowTest.Delete_the_PMS_Cycle_test -->
