<?xml version="1.0" encoding="UTF-8"?>
<!-- Generated by org.testng.reporters.JUnitReportReporter -->
<testsuite hostname="DESKTOP-92N64IC" failures="0" tests="1" name="normalFlowTest.managerFlow_Test" time="36.915" errors="0" timestamp="29 Jul 2024 10:53:34 GMT" skipped="0">
  <testcase classname="normalFlowTest.managerFlow_Test" name="empSelf" time="36.915"/>
</testsuite> <!-- normalFlowTest.managerFlow_Test -->
