<?xml version="1.0" encoding="UTF-8"?>
<!-- Generated by org.testng.reporters.JUnitReportReporter -->
<testsuite hostname="DESKTOP-GT0LFB9" failures="0" tests="1" name="normalFlow_TestClasses.Skipp_Approval_test" time="17.930" errors="0" timestamp="08 Aug 2025 11:31:21 GMT" skipped="0">
  <testcase classname="normalFlow_TestClasses.Skipp_Approval_test" name="Skip_approval" time="17.930"/>
</testsuite> <!-- normalFlow_TestClasses.Skipp_Approval_test -->
