<?xml version="1.0" encoding="UTF-8"?>
<!-- Generated by org.testng.reporters.JUnitReportReporter -->
<testsuite hostname="DESKTOP-92N64IC" failures="0" tests="1" name="normalFlowTest.addGoalPla_CreatePMSCycleTest" time="54.838" errors="0" timestamp="01 Jul 2024 11:45:41 GMT" skipped="0">
  <testcase classname="normalFlowTest.addGoalPla_CreatePMSCycleTest" name="selectGoalCycle" time="54.838"/>
</testsuite> <!-- normalFlowTest.addGoalPla_CreatePMSCycleTest -->
