<?xml version="1.0" encoding="UTF-8"?>
<!-- Generated by org.testng.reporters.JUnitReportReporter -->
<testsuite hostname="DESKTOP-92N64IC" failures="0" tests="13" name="Test_Suit.SmokeTestSuite" time="267.324" errors="0" timestamp="09 Sep 2024 05:27:56 GMT" skipped="2">
  <testcase classname="Test_Suit.SmokeTestSuite" name="AddGoalPlan" time="36.577"/>
  <testcase classname="Test_Suit.SmokeTestSuite" name="AddPMSCycle" time="15.951"/>
  <testcase classname="Test_Suit.SmokeTestSuite" name="Initiate_PMSCycle" time="17.762"/>
  <testcase classname="Test_Suit.SmokeTestSuite" name="Manager_AddGoalTo_Emp" time="29.218"/>
  <testcase classname="Test_Suit.SmokeTestSuite" name="Employee_AssessmentSubmission" time="22.222"/>
  <testcase classname="Test_Suit.SmokeTestSuite" name="Manager_AssessmentSubmissionTo_Skip" time="19.152"/>
  <testcase classname="Test_Suit.SmokeTestSuite" name="Skip_Approval" time="14.682"/>
  <testcase classname="Test_Suit.SmokeTestSuite" name="OneToOneMeeting_Manager" time="17.364"/>
  <testcase classname="Test_Suit.SmokeTestSuite" name="OnToOneMeeting_Employee" time="12.983"/>
  <testcase classname="Test_Suit.SmokeTestSuite" name="Finalize_Emp_Appraisal" time="26.541"/>
  <testcase classname="Test_Suit.SmokeTestSuite" name="Remove_EmployeesFromGoalPlan" time="30.172"/>
  <testcase classname="Test_Suit.SmokeTestSuite" name="Remove_EmployeesFromGoalPlan" time="24.700">
    <skipped/>
  </testcase> <!-- Remove_EmployeesFromGoalPlan -->
  <testcase classname="Test_Suit.SmokeTestSuite" name="DeletionOf_PMSCycleAndGoalPlan" time="0.000">
    <skipped/>
  </testcase> <!-- DeletionOf_PMSCycleAndGoalPlan -->
</testsuite> <!-- Test_Suit.SmokeTestSuite -->
