<?xml version="1.0" encoding="UTF-8"?>
<!-- Generated by org.testng.reporters.JUnitReportReporter -->
<testsuite hostname="DESKTOP-92N64IC" failures="0" tests="1" name="normalFlowTest.One_to_One_manager_test" time="14.782" errors="0" timestamp="27 Aug 2024 12:08:18 GMT" skipped="0">
  <testcase classname="normalFlowTest.One_to_One_manager_test" name="OneToOneMeeting_Manager" time="14.782"/>
</testsuite> <!-- normalFlowTest.One_to_One_manager_test -->
