<?xml version="1.0" encoding="UTF-8"?>
<!-- Generated by org.testng.reporters.JUnitReportReporter -->
<testsuite hostname="DESKTOP-92N64IC" failures="0" tests="17" name="Mytestpackage.degreeFedback360pagetest" time="7.395" errors="0" timestamp="10 Jun 2024 06:56:18 GMT" skipped="0">
  <testcase classname="Mytestpackage.degreeFedback360pagetest" name="Pending" time="0.236"/>
  <testcase classname="Mytestpackage.degreeFedback360pagetest" name="Completed" time="0.113"/>
  <testcase classname="Mytestpackage.degreeFedback360pagetest" name="KRAPEERREVIEW" time="0.171"/>
  <testcase classname="Mytestpackage.degreeFedback360pagetest" name="SCOPE" time="0.115"/>
  <testcase classname="Mytestpackage.degreeFedback360pagetest" name="EMPLOYEE" time="0.095"/>
  <testcase classname="Mytestpackage.degreeFedback360pagetest" name="REQUESTEDBY" time="0.076"/>
  <testcase classname="Mytestpackage.degreeFedback360pagetest" name="EMPLOYEESELFREVIEW" time="0.075"/>
  <testcase classname="Mytestpackage.degreeFedback360pagetest" name="MANAGERREVIEW" time="0.076"/>
  <testcase classname="Mytestpackage.degreeFedback360pagetest" name="GOALPEERFEEDBACK" time="0.091"/>
  <testcase classname="Mytestpackage.degreeFedback360pagetest" name="My360FEEDBACK" time="0.119"/>
  <testcase classname="Mytestpackage.degreeFedback360pagetest" name="COMPETENCIESPEERREVIEW" time="0.252"/>
  <testcase classname="Mytestpackage.degreeFedback360pagetest" name="Provide360Feedbackabout" time="0.304"/>
  <testcase classname="Mytestpackage.degreeFedback360pagetest" name="Feedbackrequestedby" time="0.344"/>
  <testcase classname="Mytestpackage.degreeFedback360pagetest" name="ReportingManager" time="0.116"/>
  <testcase classname="Mytestpackage.degreeFedback360pagetest" name="Requestcameon" time="0.063"/>
  <testcase classname="Mytestpackage.degreeFedback360pagetest" name="SelectReport" time="5.057"/>
  <testcase classname="Mytestpackage.degreeFedback360pagetest" name="ExporttoExcel" time="0.092"/>
</testsuite> <!-- Mytestpackage.degreeFedback360pagetest -->
