<?xml version="1.0" encoding="UTF-8"?>
<!-- Generated by org.testng.reporters.JUnitReportReporter -->
<testsuite hostname="DESKTOP-92N64IC" failures="0" tests="1" name="normalFlowTest.Delete_the_PMS_Cycle_test" time="24.032" errors="0" timestamp="04 Sep 2024 12:42:28 GMT" skipped="0">
  <testcase classname="normalFlowTest.Delete_the_PMS_Cycle_test" name="DeletionOfEmp_FromCycle" time="24.032"/>
</testsuite> <!-- normalFlowTest.Delete_the_PMS_Cycle_test -->
