<?xml version="1.0" encoding="UTF-8"?>
<!-- Generated by org.testng.reporters.JUnitReportReporter -->
<testsuite hostname="DESKTOP-92N64IC" failures="0" tests="1" name="_360DFeedback.Resons_totheForm_Test" time="183.615" errors="0" timestamp="15 Jul 2024 06:08:53 GMT" skipped="0">
  <testcase classname="_360DFeedback.Resons_totheForm_Test" name="test" time="183.615"/>
</testsuite> <!-- _360DFeedback.Resons_totheForm_Test -->
