<?xml version="1.0" encoding="UTF-8"?>
<!-- Generated by org.testng.reporters.JUnitReportReporter -->
<testsuite hostname="DESKTOP-92N64IC" failures="0" tests="1" name="normalFlowTest.Finalize_Employee_Appraisal_Test" time="23.107" errors="0" timestamp="27 Aug 2024 12:08:18 GMT" skipped="0">
  <testcase classname="normalFlowTest.Finalize_Employee_Appraisal_Test" name="Finalize_Emp_Appraisal" time="23.107"/>
</testsuite> <!-- normalFlowTest.Finalize_Employee_Appraisal_Test -->
