<?xml version="1.0" encoding="UTF-8"?>
<!-- Generated by org.testng.reporters.JUnitReportReporter -->
<testsuite hostname="DESKTOP-92N64IC" failures="0" tests="17" name="Mytestpackage.degreeFedback360pagetest" time="7.699" errors="0" timestamp="07 Jun 2024 12:19:18 GMT" skipped="0">
  <testcase classname="Mytestpackage.degreeFedback360pagetest" name="Pending" time="0.227"/>
  <testcase classname="Mytestpackage.degreeFedback360pagetest" name="Completed" time="0.121"/>
  <testcase classname="Mytestpackage.degreeFedback360pagetest" name="KRAPEERREVIEW" time="0.120"/>
  <testcase classname="Mytestpackage.degreeFedback360pagetest" name="SCOPE" time="0.138"/>
  <testcase classname="Mytestpackage.degreeFedback360pagetest" name="EMPLOYEE" time="0.116"/>
  <testcase classname="Mytestpackage.degreeFedback360pagetest" name="REQUESTEDBY" time="0.070"/>
  <testcase classname="Mytestpackage.degreeFedback360pagetest" name="EMPLOYEESELFREVIEW" time="0.080"/>
  <testcase classname="Mytestpackage.degreeFedback360pagetest" name="MANAGERREVIEW" time="0.060"/>
  <testcase classname="Mytestpackage.degreeFedback360pagetest" name="GOALPEERFEEDBACK" time="0.080"/>
  <testcase classname="Mytestpackage.degreeFedback360pagetest" name="My360FEEDBACK" time="0.110"/>
  <testcase classname="Mytestpackage.degreeFedback360pagetest" name="COMPETENCIESPEERREVIEW" time="0.276"/>
  <testcase classname="Mytestpackage.degreeFedback360pagetest" name="Provide360Feedbackabout" time="0.281"/>
  <testcase classname="Mytestpackage.degreeFedback360pagetest" name="Feedbackrequestedby" time="0.267"/>
  <testcase classname="Mytestpackage.degreeFedback360pagetest" name="ReportingManager" time="0.082"/>
  <testcase classname="Mytestpackage.degreeFedback360pagetest" name="Requestcameon" time="0.072"/>
  <testcase classname="Mytestpackage.degreeFedback360pagetest" name="SelectReport" time="5.495"/>
  <testcase classname="Mytestpackage.degreeFedback360pagetest" name="ExporttoExcel" time="0.104"/>
</testsuite> <!-- Mytestpackage.degreeFedback360pagetest -->
