<?xml version="1.0" encoding="UTF-8"?>
<!-- Generated by org.testng.reporters.JUnitReportReporter -->
<testsuite hostname="DESKTOP-92N64IC" failures="0" tests="21" name="Mytestpackage.Homepagetest" time="0.000" errors="0" timestamp="22 Jul 2024 11:25:55 GMT" skipped="21">
  <testcase classname="Mytestpackage.Homepagetest" name="EmpNotApproved" time="0.000">
    <skipped/>
  </testcase> <!-- EmpNotApproved -->
  <testcase classname="Mytestpackage.Homepagetest" name="EmpOnTrack" time="0.000">
    <skipped/>
  </testcase> <!-- EmpOnTrack -->
  <testcase classname="Mytestpackage.Homepagetest" name="EmpActions" time="0.000">
    <skipped/>
  </testcase> <!-- EmpActions -->
  <testcase classname="Mytestpackage.Homepagetest" name="EmpMYGoal" time="0.000">
    <skipped/>
  </testcase> <!-- EmpMYGoal -->
  <testcase classname="Mytestpackage.Homepagetest" name="EmpASSIGNEDBY" time="0.000">
    <skipped/>
  </testcase> <!-- EmpASSIGNEDBY -->
  <testcase classname="Mytestpackage.Homepagetest" name="empgreetings" time="0.000">
    <skipped/>
  </testcase> <!-- empgreetings -->
  <testcase classname="Mytestpackage.Homepagetest" name="EmpLogOut" time="0.000">
    <skipped/>
  </testcase> <!-- EmpLogOut -->
  <testcase classname="Mytestpackage.Homepagetest" name="EmpPolicyDocs" time="0.000">
    <skipped/>
  </testcase> <!-- EmpPolicyDocs -->
  <testcase classname="Mytestpackage.Homepagetest" name="EmpTotal" time="0.000">
    <skipped/>
  </testcase> <!-- EmpTotal -->
  <testcase classname="Mytestpackage.Homepagetest" name="EmpClosed" time="0.000">
    <skipped/>
  </testcase> <!-- EmpClosed -->
  <testcase classname="Mytestpackage.Homepagetest" name="EmpCumulativeReports" time="0.000">
    <skipped/>
  </testcase> <!-- EmpCumulativeReports -->
  <testcase classname="Mytestpackage.Homepagetest" name="Emp360feedback" time="0.000">
    <skipped/>
  </testcase> <!-- Emp360feedback -->
  <testcase classname="Mytestpackage.Homepagetest" name="EmpPROGRESSSCORE" time="0.000">
    <skipped/>
  </testcase> <!-- EmpPROGRESSSCORE -->
  <testcase classname="Mytestpackage.Homepagetest" name="EmpAtRisk" time="0.000">
    <skipped/>
  </testcase> <!-- EmpAtRisk -->
  <testcase classname="Mytestpackage.Homepagetest" name="EmpstatusTest" time="0.000">
    <skipped/>
  </testcase> <!-- EmpstatusTest -->
  <testcase classname="Mytestpackage.Homepagetest" name="EmpBehind" time="0.000">
    <skipped/>
  </testcase> <!-- EmpBehind -->
  <testcase classname="Mytestpackage.Homepagetest" name="SubmitSelfAssessment" time="0.000">
    <skipped/>
  </testcase> <!-- SubmitSelfAssessment -->
  <testcase classname="Mytestpackage.Homepagetest" name="EmpPostponed" time="0.000">
    <skipped/>
  </testcase> <!-- EmpPostponed -->
  <testcase classname="Mytestpackage.Homepagetest" name="EmpProfileSettings" time="0.000">
    <skipped/>
  </testcase> <!-- EmpProfileSettings -->
  <testcase classname="Mytestpackage.Homepagetest" name="EmpADDNEWKRA" time="0.000">
    <skipped/>
  </testcase> <!-- EmpADDNEWKRA -->
  <testcase classname="Mytestpackage.Homepagetest" name="EmpNotStarted" time="0.000">
    <skipped/>
  </testcase> <!-- EmpNotStarted -->
</testsuite> <!-- Mytestpackage.Homepagetest -->
