<?xml version="1.0" encoding="UTF-8"?>
<!-- Generated by org.testng.reporters.JUnitReportReporter -->
<testsuite hostname="DESKTOP-GT0LFB9" failures="0" tests="1" name="normalFlowTest.Skipp_Approval_test" time="16.443" errors="0" timestamp="16 Apr 2025 12:19:50 GMT" skipped="0">
  <testcase classname="normalFlowTest.Skipp_Approval_test" name="Skip_approval" time="16.443"/>
</testsuite> <!-- normalFlowTest.Skipp_Approval_test -->
