<?xml version="1.0" encoding="UTF-8"?>
<!-- Generated by org.testng.reporters.JUnitReportReporter -->
<testsuite hostname="DESKTOP-92N64IC" failures="0" tests="1" name="normalFlowTest.One_to_One_manager_test" time="23.719" errors="0" timestamp="30 Jul 2024 09:12:55 GMT" skipped="0">
  <testcase classname="normalFlowTest.One_to_One_manager_test" name="OntoOneMeeting" time="23.719"/>
</testsuite> <!-- normalFlowTest.One_to_One_manager_test -->
