<?xml version="1.0" encoding="UTF-8"?>
<!-- Generated by org.testng.reporters.JUnitReportReporter -->
<testsuite hostname="DESKTOP-GT0LFB9" failures="0" tests="12" name="Test_Suit.SmokeTestSuite" time="510.450" errors="0" timestamp="08 Aug 2025 13:19:30 GMT" skipped="0">
  <testcase classname="Test_Suit.SmokeTestSuite" name="AddGoalPlan" time="46.693"/>
  <testcase classname="Test_Suit.SmokeTestSuite" name="AddPMSCycle" time="21.458"/>
  <testcase classname="Test_Suit.SmokeTestSuite" name="Initiate_PMSCycle" time="9.270"/>
  <testcase classname="Test_Suit.SmokeTestSuite" name="Manager_AddGoalTo_Emp" time="78.865"/>
  <testcase classname="Test_Suit.SmokeTestSuite" name="Employee_AssessmentSubmission" time="46.690"/>
  <testcase classname="Test_Suit.SmokeTestSuite" name="Manager_AssessmentSubmissionTo_Skip" time="52.562"/>
  <testcase classname="Test_Suit.SmokeTestSuite" name="Skip_Approval" time="33.646"/>
  <testcase classname="Test_Suit.SmokeTestSuite" name="OneToOneMeeting_Manager" time="35.310"/>
  <testcase classname="Test_Suit.SmokeTestSuite" name="OnToOneMeeting_Employee" time="24.486"/>
  <testcase classname="Test_Suit.SmokeTestSuite" name="Finalize_Emp_Appraisal" time="41.049"/>
  <testcase classname="Test_Suit.SmokeTestSuite" name="Remove_EmployeesFromGoalPlan" time="87.470"/>
  <testcase classname="Test_Suit.SmokeTestSuite" name="DeletionOf_PMSCycleAndGoalPlan" time="32.951"/>
</testsuite> <!-- Test_Suit.SmokeTestSuite -->
