<?xml version="1.0" encoding="UTF-8"?>
<!-- Generated by org.testng.reporters.JUnitReportReporter -->
<testsuite hostname="DESKTOP-92N64IC" failures="0" tests="1" name="normalFlowTest.Skipp_Approval_test" time="13.941" errors="0" timestamp="20 Aug 2024 10:47:06 GMT" skipped="0">
  <testcase classname="normalFlowTest.Skipp_Approval_test" name="approve" time="13.941"/>
</testsuite> <!-- normalFlowTest.Skipp_Approval_test -->
