<?xml version="1.0" encoding="UTF-8"?>
<!-- Generated by org.testng.reporters.JUnitReportReporter -->
<testsuite hostname="DESKTOP-GT0LFB9" failures="0" tests="12" name="Test_Suit.SmokeTestSuite" time="555.307" errors="0" timestamp="18 Aug 2025 12:17:24 GMT" skipped="0">
  <testcase classname="Test_Suit.SmokeTestSuite" name="AddGoalPlan" time="52.632"/>
  <testcase classname="Test_Suit.SmokeTestSuite" name="AddPMSCycle" time="23.016"/>
  <testcase classname="Test_Suit.SmokeTestSuite" name="Initiate_PMSCycle" time="9.179"/>
  <testcase classname="Test_Suit.SmokeTestSuite" name="Manager_AddGoalTo_Emp" time="88.447"/>
  <testcase classname="Test_Suit.SmokeTestSuite" name="Employee_AssessmentSubmission" time="36.452"/>
  <testcase classname="Test_Suit.SmokeTestSuite" name="Manager_AssessmentSubmissionTo_Skip" time="41.819"/>
  <testcase classname="Test_Suit.SmokeTestSuite" name="Skip_Approval" time="48.409"/>
  <testcase classname="Test_Suit.SmokeTestSuite" name="OneToOneMeeting_Manager" time="32.518"/>
  <testcase classname="Test_Suit.SmokeTestSuite" name="OnToOneMeeting_Employee" time="28.836"/>
  <testcase classname="Test_Suit.SmokeTestSuite" name="Finalize_Emp_Appraisal" time="40.658"/>
  <testcase classname="Test_Suit.SmokeTestSuite" name="Remove_EmployeesFromGoalPlan" time="116.848"/>
  <testcase classname="Test_Suit.SmokeTestSuite" name="DeletionOf_PMSCycleAndGoalPlan" time="36.493"/>
</testsuite> <!-- Test_Suit.SmokeTestSuite -->
