<?xml version="1.0" encoding="UTF-8"?>
<!-- Generated by org.testng.reporters.JUnitReportReporter -->
<testsuite hostname="DESKTOP-92N64IC" failures="0" tests="1" name="normalFlowTest.managerFlow_Test" time="26.421" errors="0" timestamp="27 Aug 2024 12:08:18 GMT" skipped="0">
  <testcase classname="normalFlowTest.managerFlow_Test" name="Manager_addGoalto_emp" time="26.421"/>
</testsuite> <!-- normalFlowTest.managerFlow_Test -->
