<?xml version="1.0" encoding="UTF-8"?>
<!-- Generated by org.testng.reporters.JUnitReportReporter -->
<testsuite hostname="DESKTOP-GT0LFB9" failures="0" tests="1" name="normalFlowTest.managerFlow_Test" time="40.294" errors="0" timestamp="16 Apr 2025 10:09:16 GMT" skipped="0">
  <testcase classname="normalFlowTest.managerFlow_Test" name="Manager_addGoalto_emp" time="40.294"/>
</testsuite> <!-- normalFlowTest.managerFlow_Test -->
