<?xml version="1.0" encoding="UTF-8"?>
<!-- Generated by org.testng.reporters.JUnitReportReporter -->
<testsuite hostname="DESKTOP-92N64IC" failures="0" tests="1" name="_360DFeedback.Send360formtoEmployess_Test" time="2352.448" errors="0" timestamp="18 Jul 2024 10:08:03 GMT" skipped="0">
  <testcase classname="_360DFeedback.Send360formtoEmployess_Test" name="send360form" time="2352.448"/>
</testsuite> <!-- _360DFeedback.Send360formtoEmployess_Test -->
