<?xml version="1.0" encoding="UTF-8"?>
<!-- Generated by org.testng.reporters.JUnitReportReporter -->
<testsuite hostname="DESKTOP-92N64IC" failures="0" tests="1" name="normalFlowTest.Skipp_Approval_test" time="12.504" errors="0" timestamp="27 Aug 2024 12:08:18 GMT" skipped="0">
  <testcase classname="normalFlowTest.Skipp_Approval_test" name="Skip_approval" time="12.504"/>
</testsuite> <!-- normalFlowTest.Skipp_Approval_test -->
