<?xml version="1.0" encoding="UTF-8"?>
<!-- Generated by org.testng.reporters.JUnitReportReporter -->
<testsuite hostname="DESKTOP-92N64IC" failures="0" tests="1" name="ManagerTestPage.managertestHomePage" time="5.729" errors="0" timestamp="18 Jun 2024 05:59:08 GMT" skipped="0">
  <testcase classname="ManagerTestPage.managertestHomePage" name="SelectEmp" time="5.729"/>
</testsuite> <!-- ManagerTestPage.managertestHomePage -->
