<?xml version="1.0" encoding="UTF-8"?>
<!-- Generated by org.testng.reporters.JUnitReportReporter -->
<testsuite hostname="DESKTOP-GT0LFB9" failures="0" tests="1" name="DirectmanagerFlowTest.manager_Sumitt_Assesment_To_Skip_Test" time="34.023" errors="0" timestamp="12 Aug 2025 07:00:52 GMT" skipped="0">
  <testcase classname="DirectmanagerFlowTest.manager_Sumitt_Assesment_To_Skip_Test" name="Manager_Assesmentsubmitto_Skip" time="34.023"/>
</testsuite> <!-- DirectmanagerFlowTest.manager_Sumitt_Assesment_To_Skip_Test -->
