<?xml version="1.0" encoding="UTF-8"?>
<!-- Generated by org.testng.reporters.JUnitReportReporter -->
<testsuite hostname="DESKTOP-92N64IC" failures="0" tests="2" name="normalFlowTest.Delete_Goal_Plan_and_PMS_Cycle__Test" time="23.046" errors="0" timestamp="27 Aug 2024 12:08:18 GMT" skipped="0">
  <testcase classname="normalFlowTest.Delete_Goal_Plan_and_PMS_Cycle__Test" name="DeletionodGoalPlan" time="12.461"/>
  <testcase classname="normalFlowTest.Delete_Goal_Plan_and_PMS_Cycle__Test" name="DeletionofPMS" time="10.585"/>
</testsuite> <!-- normalFlowTest.Delete_Goal_Plan_and_PMS_Cycle__Test -->
