<?xml version="1.0" encoding="UTF-8"?>
<!-- Generated by org.testng.reporters.JUnitReportReporter -->
<testsuite hostname="DESKTOP-92N64IC" failures="0" tests="1" name="normalFlowTest.employeeFlow_Test" time="10.789" errors="0" timestamp="05 Aug 2024 09:20:39 GMT" skipped="0">
  <testcase classname="normalFlowTest.employeeFlow_Test" name="selectGoalCycle" time="10.789"/>
</testsuite> <!-- normalFlowTest.employeeFlow_Test -->
