<?xml version="1.0" encoding="UTF-8"?>
<!-- Generated by org.testng.reporters.JUnitReportReporter -->
<testsuite hostname="DESKTOP-92N64IC" failures="0" tests="3" name="normalFlowTest.addGoalPla_CreatePMSCycleTest" time="73.979" errors="0" timestamp="30 Jul 2024 09:12:55 GMT" skipped="0">
  <testcase classname="normalFlowTest.addGoalPla_CreatePMSCycleTest" name="testAddGoalPlan" time="35.044"/>
  <testcase classname="normalFlowTest.addGoalPla_CreatePMSCycleTest" name="testAddPMSCycle" time="16.074"/>
  <testcase classname="normalFlowTest.addGoalPla_CreatePMSCycleTest" name="testinitiatePMSCycle" time="22.861"/>
</testsuite> <!-- normalFlowTest.addGoalPla_CreatePMSCycleTest -->
